{"name": "Adding one item to cart", "status": "broken", "statusDetails": {"message": "selenium.common.exceptions.TimeoutException: Message: \nStacktrace:\n\tGetHandleVerifier [0x00007FF73CC4AD02+56930]\n\t(No symbol) [0x00007FF73CBBF602]\n\t(No symbol) [0x00007FF73CA742E5]\n\t(No symbol) [0x00007FF73CAB98ED]\n\t(No symbol) [0x00007FF73CAB9A2C]\n\t(No symbol) [0x00007FF73CAFA967]\n\t(No symbol) [0x00007FF73CADBCDF]\n\t(No symbol) [0x00007FF73CAF81E2]\n\t(No symbol) [0x00007FF73CADBA43]\n\t(No symbol) [0x00007FF73CAAD438]\n\t(No symbol) [0x00007FF73CAAE4D1]\n\tGetHandleVerifier [0x00007FF73CFC6F8D+3711213]\n\tGetHandleVerifier [0x00007FF73D0204CD+4077101]\n\tGetHandleVerifier [0x00007FF73D01865F+4044735]\n\tGetHandleVerifier [0x00007FF73CCE9736+706710]\n\t(No symbol) [0x00007FF73CBCB8DF]\n\t(No symbol) [0x00007FF73CBC6AC4]\n\t(No symbol) [0x00007FF73CBC6C1C]\n\t(No symbol) [0x00007FF73CBB68D4]\n\tBaseThreadInitThunk [0x00007FFA6CAC7344+20]\n\tRtlUserThreadStart [0x00007FFA6D3626B1+33]", "trace": "browser = <selenium.webdriver.chrome.webdriver.WebDriver (session=\"78db3b1b3b4eb076d8d7ffa8809da843\")>\n\n    @allure.epic('Working with cart')\n    @allure.title('Adding one item to cart')\n    def test_add_item_to_cart(browser):\n        \"\"\"\n            Test is designed to check adding a random item from the main page to the cart\n        \"\"\"\n        actions = ActionChains(browser)\n        MainPage(browser).get_featured_elements()\n        title = MainPage(browser).get_item_title_text()\n        actions.send_keys(Keys.PAGE_DOWN)\n        element1 = MainPage(browser).get_button_group()\n        actions.move_to_element(element1).perform()\n>       addtocart = MainPage(browser).get_add_to_cart()\n\ntest_add_item_to_cart.py:19: \n_ _ _ _ _ _ _ _ _ _ _ _ _ _ _ _ _ _ _ _ _ _ _ _ _ _ _ _ _ _ _ _ _ _ _ _ _ _ _ _\n..\\pages\\main_page.py:52: in get_add_to_cart\n    return self.get_element(self.__ADD_TO_CART_BUTTON)\n..\\pages\\base_page.py:18: in get_element\n    return WebDriverWait(self.browser, timeout).until(EC.presence_of_element_located(locator))\n_ _ _ _ _ _ _ _ _ _ _ _ _ _ _ _ _ _ _ _ _ _ _ _ _ _ _ _ _ _ _ _ _ _ _ _ _ _ _ _\n\nself = <selenium.webdriver.support.wait.WebDriverWait (session=\"78db3b1b3b4eb076d8d7ffa8809da843\")>\nmethod = <function presence_of_element_located.<locals>._predicate at 0x0417B118>\nmessage = ''\n\n    def until(self, method: Callable[[D], Union[Literal[False], T]], message: str = \"\") -> T:\n        \"\"\"Calls the method provided with the driver as an argument until the \\\n        return value does not evaluate to ``False``.\n    \n        :param method: callable(WebDriver)\n        :param message: optional message for :exc:`TimeoutException`\n        :returns: the result of the last call to `method`\n        :raises: :exc:`selenium.common.exceptions.TimeoutException` if timeout occurs\n        \"\"\"\n        screen = None\n        stacktrace = None\n    \n        end_time = time.monotonic() + self._timeout\n        while True:\n            try:\n                value = method(self._driver)\n                if value:\n                    return value\n            except self._ignored_exceptions as exc:\n                screen = getattr(exc, \"screen\", None)\n                stacktrace = getattr(exc, \"stacktrace\", None)\n            time.sleep(self._poll)\n            if time.monotonic() > end_time:\n                break\n>       raise TimeoutException(message, screen, stacktrace)\nE       selenium.common.exceptions.TimeoutException: Message: \nE       Stacktrace:\nE       \tGetHandleVerifier [0x00007FF73CC4AD02+56930]\nE       \t(No symbol) [0x00007FF73CBBF602]\nE       \t(No symbol) [0x00007FF73CA742E5]\nE       \t(No symbol) [0x00007FF73CAB98ED]\nE       \t(No symbol) [0x00007FF73CAB9A2C]\nE       \t(No symbol) [0x00007FF73CAFA967]\nE       \t(No symbol) [0x00007FF73CADBCDF]\nE       \t(No symbol) [0x00007FF73CAF81E2]\nE       \t(No symbol) [0x00007FF73CADBA43]\nE       \t(No symbol) [0x00007FF73CAAD438]\nE       \t(No symbol) [0x00007FF73CAAE4D1]\nE       \tGetHandleVerifier [0x00007FF73CFC6F8D+3711213]\nE       \tGetHandleVerifier [0x00007FF73D0204CD+4077101]\nE       \tGetHandleVerifier [0x00007FF73D01865F+4044735]\nE       \tGetHandleVerifier [0x00007FF73CCE9736+706710]\nE       \t(No symbol) [0x00007FF73CBCB8DF]\nE       \t(No symbol) [0x00007FF73CBC6AC4]\nE       \t(No symbol) [0x00007FF73CBC6C1C]\nE       \t(No symbol) [0x00007FF73CBB68D4]\nE       \tBaseThreadInitThunk [0x00007FFA6CAC7344+20]\nE       \tRtlUserThreadStart [0x00007FFA6D3626B1+33]\n\nC:\\otusPython\\HW78POLog\\Lib\\site-packages\\selenium\\webdriver\\support\\wait.py:105: TimeoutException"}, "description": "\n        Test is designed to check adding a random item from the main page to the cart\n    ", "steps": [{"name": "Find all elements by locator'('class name', 'product-thumb')'", "status": "passed", "parameters": [{"name": "locator", "value": "('class name', 'product-thumb')"}, {"name": "timeout", "value": "3"}], "start": 1710692796664, "stop": 1710692797448}, {"name": "Find one element by locator '('xpath', '//div/div/h4/a')'", "status": "passed", "parameters": [{"name": "locator", "value": "('xpath', '//div/div/h4/a')"}, {"name": "timeout", "value": "3"}], "start": 1710692797448, "stop": 1710692797462}, {"name": "Find one element by locator '('xpath', \"//div[@class='button-group']\")'", "status": "passed", "parameters": [{"name": "locator", "value": "('xpath', \"//div[@class='button-group']\")"}, {"name": "timeout", "value": "3"}], "start": 1710692797474, "stop": 1710692797482}, {"name": "Find one element by locator '('xpath', \"//div/form/div/button[@aria-label='Add to Cart']\")'", "status": "broken", "statusDetails": {"message": "selenium.common.exceptions.TimeoutException: Message: \nStacktrace:\n\tGetHandleVerifier [0x00007FF73CC4AD02+56930]\n\t(No symbol) [0x00007FF73CBBF602]\n\t(No symbol) [0x00007FF73CA742E5]\n\t(No symbol) [0x00007FF73CAB98ED]\n\t(No symbol) [0x00007FF73CAB9A2C]\n\t(No symbol) [0x00007FF73CAFA967]\n\t(No symbol) [0x00007FF73CADBCDF]\n\t(No symbol) [0x00007FF73CAF81E2]\n\t(No symbol) [0x00007FF73CADBA43]\n\t(No symbol) [0x00007FF73CAAD438]\n\t(No symbol) [0x00007FF73CAAE4D1]\n\tGetHandleVerifier [0x00007FF73CFC6F8D+3711213]\n\tGetHandleVerifier [0x00007FF73D0204CD+4077101]\n\tGetHandleVerifier [0x00007FF73D01865F+4044735]\n\tGetHandleVerifier [0x00007FF73CCE9736+706710]\n\t(No symbol) [0x00007FF73CBCB8DF]\n\t(No symbol) [0x00007FF73CBC6AC4]\n\t(No symbol) [0x00007FF73CBC6C1C]\n\t(No symbol) [0x00007FF73CBB68D4]\n\tBaseThreadInitThunk [0x00007FFA6CAC7344+20]\n\tRtlUserThreadStart [0x00007FFA6D3626B1+33]\n\n", "trace": "  File \"C:\\otusPython\\HW78POLog\\Lib\\site-packages\\allure_commons\\_allure.py\", line 192, in impl\n    return func(*a, **kw)\n           ^^^^^^^^^^^^^^\n  File \"C:\\Python Otus\\HW78POLog\\pages\\base_page.py\", line 18, in get_element\n    return WebDriverWait(self.browser, timeout).until(EC.presence_of_element_located(locator))\n           ^^^^^^^^^^^^^^^^^^^^^^^^^^^^^^^^^^^^^^^^^^^^^^^^^^^^^^^^^^^^^^^^^^^^^^^^^^^^^^^^^^^\n  File \"C:\\otusPython\\HW78POLog\\Lib\\site-packages\\selenium\\webdriver\\support\\wait.py\", line 105, in until\n    raise TimeoutException(message, screen, stacktrace)\n"}, "parameters": [{"name": "locator", "value": "('xpath', \"//div/form/div/button[@aria-label='Add to Cart']\")"}, {"name": "timeout", "value": "3"}], "start": 1710692797775, "stop": 1710692800850}], "attachments": [{"name": "log", "source": "752911ab-f01e-4d5a-969c-03854c0c78a6-attachment.txt", "type": "text/plain"}], "start": 1710692796663, "stop": 1710692800864, "uuid": "9640893f-a49f-42c3-a6b6-54b17cc87667", "historyId": "360634b070e5eb034be20562835eaf1d", "testCaseId": "360634b070e5eb034be20562835eaf1d", "fullName": "test_add_item_to_cart#test_add_item_to_cart", "labels": [{"name": "epic", "value": "Working with cart"}, {"name": "suite", "value": "test_add_item_to_cart"}, {"name": "host", "value": "LAPTOP-BBP8MV3S"}, {"name": "thread", "value": "20600-MainThread"}, {"name": "framework", "value": "pytest"}, {"name": "language", "value": "cpython3"}, {"name": "package", "value": "test_add_item_to_cart"}]}